-------------------------------------------------------------------------------
Test set: com.trendsGoogle.runner.FailedRunner
-------------------------------------------------------------------------------
Tests run: 1, Failures: 0, Errors: 1, Skipped: 0, Time elapsed: 0.003 s <<< FAILURE! - in com.trendsGoogle.runner.FailedRunner
com.trendsGoogle.runner.FailedRunner.initializationError  Time elapsed: 0.003 s  <<< ERROR!
io.cucumber.core.exception.CucumberException: Failed to parse 'target\rerun.txt'
Caused by: java.nio.file.NoSuchFileException: target\rerun.txt

